0 info it worked if it ends with ok
1 verbose cli [ '/home/icicle/.asdf/installs/nodejs/0.12.3/bin/node',
1 verbose cli   '/home/icicle/.asdf/installs/nodejs/0.12.3/bin/npm',
1 verbose cli   'start' ]
2 info using npm@2.9.1
3 info using node@v0.12.3
4 verbose run-script [ 'prestart', 'start', 'poststart' ]
5 info prestart es6-react-setup@1.0.0
6 info start es6-react-setup@1.0.0
7 verbose unsafe-perm in lifecycle true
8 info es6-react-setup@1.0.0 Failed to exec start script
9 verbose stack Error: es6-react-setup@1.0.0 start: `webpack-dev-server`
9 verbose stack Exit status 1
9 verbose stack     at EventEmitter.<anonymous> (/home/icicle/.asdf/installs/nodejs/0.12.3/lib/node_modules/npm/lib/utils/lifecycle.js:213:16)
9 verbose stack     at EventEmitter.emit (events.js:110:17)
9 verbose stack     at ChildProcess.<anonymous> (/home/icicle/.asdf/installs/nodejs/0.12.3/lib/node_modules/npm/lib/utils/spawn.js:24:14)
9 verbose stack     at ChildProcess.emit (events.js:110:17)
9 verbose stack     at maybeClose (child_process.js:1015:16)
9 verbose stack     at Process.ChildProcess._handle.onexit (child_process.js:1087:5)
10 verbose pkgid es6-react-setup@1.0.0
11 verbose cwd /home/icicle/work/es6-react-setup
12 error Linux 3.13.0-52-generic
13 error argv "/home/icicle/.asdf/installs/nodejs/0.12.3/bin/node" "/home/icicle/.asdf/installs/nodejs/0.12.3/bin/npm" "start"
14 error node v0.12.3
15 error npm  v2.9.1
16 error code ELIFECYCLE
17 error es6-react-setup@1.0.0 start: `webpack-dev-server`
17 error Exit status 1
18 error Failed at the es6-react-setup@1.0.0 start script 'webpack-dev-server'.
18 error This is most likely a problem with the es6-react-setup package,
18 error not with npm itself.
18 error Tell the author that this fails on your system:
18 error     webpack-dev-server
18 error You can get their info via:
18 error     npm owner ls es6-react-setup
18 error There is likely additional logging output above.
19 verbose exit [ 1, true ]
